// input: { text: "I think you're swell." }

2024-09-18 15:55:49.596 INFO    /node_modules/cigs/dist/index.cjs:728   cig-sentiment-analyzer  {
  context: 'Running cig',
  input: {
    text: "I think you're swell."
  },
  operationCount: 1
}
2024-09-18 15:55:49.602 DEBUG   /node_modules/cigs/dist/index.cjs:754   cig-sentiment-analyzer  {
  context: 'Operation 1 Input',
  data: {
    text: "I think you're swell."
  }
}
2024-09-18 15:55:49.603 DEBUG   /node_modules/cigs/dist/index.cjs:590   cig-sentiment-analyzer  {
  operation: 'classify',
  context: 'init',
  input: {
    text: "I think you're swell."
  },
  instruction: 'Classify the sentiment of the input text',
  examples: [
    {
      input: 'I love you!',
      output: 'cool'
    },
    {
      input: 'I hate you!',
      output: 'lame'
    }
  ]
}
(node:82881) [DEP0040] DeprecationWarning: The `punycode` module is deprecated. Please use a userland alternative instead.
(Use `node --trace-deprecation ...` to show where the warning was created)
2024-09-18 15:55:49.605 TRACE   /node_modules/cigs/dist/index.cjs:604   cig-sentiment-analyzer  {
  operation: 'classify',
  context: 'extracted prompt',
  prompt: '\n' +
    '|SYSTEM|\n' +
    '# Expert Classifier\n' +
    'You are an expert classifier that always maintains as much semantic meaning\n' +
    'as possible when labeling text. You use inference or deduction whenever\n' +
    'necessary to understand missing or omitted data. Classify the provided data,\n' +
    'text, or information as one of the provided labels. For boolean labels,\n' +
    'consider "truthy" or affirmative inputs to be "true".\n' +
    '\n' +
    '|USER|\n' +
    '## Text or data to classify\n' +
    '{&quot;text&quot;:&quot;I think you&#39;re swell.&quot;}\n' +
    '## Additional instructions\n' +
    'Classify the sentiment of the input text\n' +
    '## Examples\n' +
    'Example #1:\n' +
    'Input: I love you!Label: cool\n' +
    'Example #2:\n' +
    'Input: I hate you!Label: lame\n' +
    '\n' +
    '## Labels\n' +
    'You must classify the data as one of the following labels, which are numbered (starting from 0) and provide a brief description. Output the label number only.\n' +
    '\n' +
    '- Label #0: cool- Label #1: lame- Label #2: neutral\n' +
    '|ASSISTANT|\n' +
    'The best label for the data is Label\n'
}
2024-09-18 15:55:50.103 DEBUG   /node_modules/cigs/dist/index.cjs:756   cig-sentiment-analyzer  {
  context: 'Operation 1 Output',
  data: 'cool'
}